<?xml version="1.0" encoding="utf-8"?><testsuites name="pytest tests"><testsuite name="pytest" errors="0" failures="0" skipped="0" tests="33" time="11.878" timestamp="2026-08-28T17:45:42.473055+00:00" hostname="agent-env-538840d1-17d3-4608-a351-90758411007c"><testcase classname="backend.tests.test_sec001_auth.TestLogin" name="test_login_success" time="0.563" /><testcase classname="backend.tests.test_sec001_auth.TestLogin" name="test_login_wrong_password" time="0.429" /><testcase classname="backend.tests.test_sec001_auth.TestLogin" name="test_login_missing_field" time="0.201" /><testcase classname="backend.tests.test_sec001_auth.TestJwtProtection" name="test_no_auth_returns_401[GET-/api/bookings-None]" time="0.203" /><testcase classname="backend.tests.test_sec001_auth.TestJwtProtection" name="test_no_auth_returns_401[GET-/api/visits/stats-None]" time="0.200" /><testcase classname="backend.tests.test_sec001_auth.TestJwtProtection" name="test_no_auth_returns_401[POST-/api/blocked-countries-body2]" time="0.184" /><testcase classname="backend.tests.test_sec001_auth.TestJwtProtection" name="test_no_auth_returns_401[POST-/api/media/upload/init-body3]" time="0.166" /><testcase classname="backend.tests.test_sec001_auth.TestJwtProtection" name="test_old_scheme_x_admin_pass_returns_401[GET-/api/bookings-None]" time="0.165" /><testcase classname="backend.tests.test_sec001_auth.TestJwtProtection" name="test_old_scheme_x_admin_pass_returns_401[GET-/api/visits/stats-None]" time="0.200" /><testcase classname="backend.tests.test_sec001_auth.TestJwtProtection" name="test_old_scheme_x_admin_pass_returns_401[POST-/api/blocked-countries-body2]" time="0.142" /><testcase classname="backend.tests.test_sec001_auth.TestJwtProtection" name="test_old_scheme_x_admin_pass_returns_401[POST-/api/media/upload/init-body3]" time="0.145" /><testcase classname="backend.tests.test_sec001_auth.TestJwtProtection" name="test_garbage_bearer_returns_401[GET-/api/bookings-None]" time="0.232" /><testcase classname="backend.tests.test_sec001_auth.TestJwtProtection" name="test_garbage_bearer_returns_401[GET-/api/visits/stats-None]" time="0.142" /><testcase classname="backend.tests.test_sec001_auth.TestJwtProtection" name="test_garbage_bearer_returns_401[POST-/api/blocked-countries-body2]" time="0.167" /><testcase classname="backend.tests.test_sec001_auth.TestJwtProtection" name="test_garbage_bearer_returns_401[POST-/api/media/upload/init-body3]" time="0.125" /><testcase classname="backend.tests.test_sec001_auth.TestJwtProtection" name="test_valid_bearer_returns_non_401[GET-/api/bookings-None]" time="0.223" /><testcase classname="backend.tests.test_sec001_auth.TestJwtProtection" name="test_valid_bearer_returns_non_401[GET-/api/visits/stats-None]" time="0.160" /><testcase classname="backend.tests.test_sec001_auth.TestJwtProtection" name="test_valid_bearer_returns_non_401[POST-/api/blocked-countries-body2]" time="0.138" /><testcase classname="backend.tests.test_sec001_auth.TestJwtProtection" name="test_valid_bearer_returns_non_401[POST-/api/media/upload/init-body3]" time="0.116" /><testcase classname="backend.tests.test_sec001_auth.TestAdminEndpointsData" name="test_bookings_list" time="0.142" /><testcase classname="backend.tests.test_sec001_auth.TestAdminEndpointsData" name="test_visits_stats" time="0.132" /><testcase classname="backend.tests.test_sec001_auth.TestAdminEndpointsData" name="test_blocked_countries_set_and_get" time="0.299" /><testcase classname="backend.tests.test_sec001_auth.TestChangePassword" name="test_change_pw_requires_bearer" time="0.133" /><testcase classname="backend.tests.test_sec001_auth.TestChangePassword" name="test_change_pw_wrong_current" time="0.373" /><testcase classname="backend.tests.test_sec001_auth.TestChangePassword" name="test_change_pw_roundtrip_and_restore" time="2.020" /><testcase classname="backend.tests.test_sec001_auth.TestPublic" name="test_blocked_countries_public" time="0.115" /><testcase classname="backend.tests.test_sec001_auth.TestPublic" name="test_geo_public" time="0.238" /><testcase classname="backend.tests.test_sec001_auth.TestPublic" name="test_visits_public" time="0.141" /><testcase classname="backend.tests.test_sec001_auth.TestPublic" name="test_bookings_public_valid" time="0.421" /><testcase classname="backend.tests.test_sec001_auth.TestNoSecretInClient" name="test_admin_js_no_password" time="0.196" /><testcase classname="backend.tests.test_sec001_auth.TestNoSecretInClient" name="test_backend_env_not_served" time="0.254" /><testcase classname="backend.tests.test_sec001_auth.TestBookingRateLimit" name="test_bookings_rate_limit_zzz" time="1.451" /><testcase classname="backend.tests.test_sec001_auth.TestZzzBruteForceLockout" name="test_zzz_brute_force_locks_after_5" time="1.975" /></testsuite></testsuites>