<?xml version="1.0" encoding="utf-8"?><testsuites name="pytest tests"><testsuite name="pytest" errors="0" failures="0" skipped="0" tests="13" time="39.094" timestamp="2026-08-28T12:46:46.659352+00:00" hostname="agent-env-538840d1-17d3-4608-a351-90758411007c"><testcase classname="backend.tests.test_bookings" name="test_health" time="0.300" /><testcase classname="backend.tests.test_bookings.TestBookingCreate" name="test_create_success" time="35.904" /><testcase classname="backend.tests.test_bookings.TestBookingCreate" name="test_missing_name" time="0.215" /><testcase classname="backend.tests.test_bookings.TestBookingCreate" name="test_missing_handle" time="0.167" /><testcase classname="backend.tests.test_bookings.TestBookingCreate" name="test_missing_message" time="0.156" /><testcase classname="backend.tests.test_bookings.TestBookingList" name="test_no_auth" time="0.163" /><testcase classname="backend.tests.test_bookings.TestBookingList" name="test_wrong_auth" time="0.126" /><testcase classname="backend.tests.test_bookings.TestBookingList" name="test_list_ok" time="0.138" /><testcase classname="backend.tests.test_bookings.TestBookingStatus" name="test_status_flow" time="0.705" /><testcase classname="backend.tests.test_bookings.TestBookingDelete" name="test_delete_flow" time="0.490" /><testcase classname="backend.tests.test_bookings" name="test_visits_stats" time="0.172" /><testcase classname="backend.tests.test_bookings" name="test_visits_record" time="0.122" /><testcase classname="backend.tests.test_bookings" name="test_zzz_cleanup" time="0.363" /></testsuite></testsuites>