<?xml version="1.0" encoding="utf-8"?><testsuites name="pytest tests"><testsuite name="pytest" errors="0" failures="0" skipped="0" tests="26" time="4.917" timestamp="2026-08-28T15:33:23.367045+00:00" hostname="agent-env-538840d1-17d3-4608-a351-90758411007c"><testcase classname="backend.tests.test_security_fixes" name="test_no_secret_leak[/backend/.env]" time="0.186" /><testcase classname="backend.tests.test_security_fixes" name="test_no_secret_leak[/backend/server.py]" time="0.205" /><testcase classname="backend.tests.test_security_fixes" name="test_no_secret_leak[/memory/test_credentials.md]" time="0.162" /><testcase classname="backend.tests.test_security_fixes" name="test_no_secret_leak[/memory/PRD.md]" time="0.139" /><testcase classname="backend.tests.test_security_fixes" name="test_no_secret_leak[/frontend/server.js]" time="0.187" /><testcase classname="backend.tests.test_security_fixes" name="test_no_secret_leak[/.env]" time="0.130" /><testcase classname="backend.tests.test_security_fixes" name="test_no_secret_leak[/package.json]" time="0.166" /><testcase classname="backend.tests.test_security_fixes" name="test_no_secret_leak[/admin.js.map]" time="0.160" /><testcase classname="backend.tests.test_security_fixes" name="test_no_secret_leak[/backend/%2e%2e/.env]" time="0.133" /><testcase classname="backend.tests.test_security_fixes" name="test_no_secret_leak[/..%2f..%2fbackend/.env]" time="0.083" /><testcase classname="backend.tests.test_security_fixes" name="test_no_secret_leak[/%2e%2e/backend/.env]" time="0.081" /><testcase classname="backend.tests.test_security_fixes" name="test_allowed_assets_served[/-text/html]" time="0.169" /><testcase classname="backend.tests.test_security_fixes" name="test_allowed_assets_served[/admin.js-application/javascript]" time="0.142" /><testcase classname="backend.tests.test_security_fixes" name="test_allowed_assets_served[/admin.css-text/css]" time="0.129" /><testcase classname="backend.tests.test_security_fixes" name="test_allowed_assets_served[/favicon.svg-image/svg+xml]" time="0.166" /><testcase classname="backend.tests.test_security_fixes" name="test_allowed_assets_served[/favicon.png-image/png]" time="0.134" /><testcase classname="backend.tests.test_security_fixes" name="test_allowed_assets_served[/og-image.jpg-image/jpeg]" time="0.156" /><testcase classname="backend.tests.test_security_fixes" name="test_health" time="0.125" /><testcase classname="backend.tests.test_security_fixes" name="test_blocked_countries_public" time="0.130" /><testcase classname="backend.tests.test_security_fixes" name="test_stats_requires_auth" time="0.145" /><testcase classname="backend.tests.test_security_fixes" name="test_stats_with_admin" time="0.183" /><testcase classname="backend.tests.test_security_fixes" name="test_bookings_requires_auth" time="0.162" /><testcase classname="backend.tests.test_security_fixes" name="test_upload_init_without_pass" time="0.152" /><testcase classname="backend.tests.test_security_fixes" name="test_upload_init_wrong_pass" time="0.132" /><testcase classname="backend.tests.test_security_fixes" name="test_upload_html_rejected_415" time="0.434" /><testcase classname="backend.tests.test_security_fixes" name="test_upload_image_accepted_and_nosniff" time="0.856" /></testsuite></testsuites>